Base path: E:/Program Files/Unity5/Editor/Data
Pipe name: \\.\pipe\UnityShaderCompiler-64bit-1-17776
Cmd: getPlatforms
Cmd: preprocess
  insize=447 outsize=447 ok=1
Cmd: preprocess
  insize=4159 outsize=1016 ok=1
Cmd: preprocess
  insize=12815 outsize=2575 ok=1
Cmd: preprocess
  insize=1048 outsize=1040 ok=1
Cmd: preprocess
  insize=11975 outsize=2457 ok=1
Cmd: preprocess
  insize=1576 outsize=990 ok=1
Cmd: preprocess
  insize=3056 outsize=1760 ok=1
Cmd: preprocess
  insize=1802 outsize=527 ok=1
Cmd: preprocess
  insize=1500 outsize=667 ok=1
Cmd: preprocess
  insize=1725 outsize=1007 ok=1
Cmd: preprocess
  insize=464 outsize=464 ok=1
Cmd: preprocess
  insize=1101 outsize=1056 ok=1
Cmd: compileSnippet
  api=4 type=0 insize=6833 outsize=3281 kw=DIRECTIONAL SHADOWS_OFF LIGHTMAP_OFF DIRLIGHTMAP_OFF DYNAMICLIGHTMAP_OFF ok=1
Cmd: compileSnippet
  api=4 type=1 insize=6833 outsize=1469 kw=DIRECTIONAL SHADOWS_OFF LIGHTMAP_OFF DIRLIGHTMAP_OFF DYNAMICLIGHTMAP_OFF ok=1
Cmd: compileSnippet
  api=4 type=0 insize=3951 outsize=2753 kw=POINT ok=1
Cmd: compileSnippet
  api=4 type=1 insize=3951 outsize=2151 kw=POINT ok=1
Cmd: compileSnippet
  api=4 type=0 insize=3369 outsize=2103 kw= ok=1
Cmd: compileSnippet
  api=4 type=1 insize=3369 outsize=1266 kw= ok=1
Cmd: preprocess
  insize=1654 outsize=1034 ok=1
Cmd: compileSnippet
  api=4 type=0 insize=898 outsize=1615 kw= ok=1
Cmd: compileSnippet
  api=4 type=1 insize=898 outsize=518 kw= ok=1
Cmd: preprocess
  insize=3198 outsize=1837 ok=1
Cmd: compileSnippet
  api=4 type=0 insize=1666 outsize=1891 kw= ok=1
Cmd: compileSnippet
  api=4 type=1 insize=1666 outsize=2086 kw= ok=1
Cmd: preprocess
  insize=1574 outsize=702 ok=1
Cmd: compileSnippet
  api=4 type=0 insize=1174 outsize=1477 kw= ok=1
Cmd: compileSnippet
  api=4 type=1 insize=1174 outsize=1087 kw= ok=1
Cmd: compileSnippet
  api=4 type=0 insize=3951 outsize=2753 kw=DIRECTIONAL ok=1
Cmd: compileSnippet
  api=4 type=1 insize=3951 outsize=1371 kw=DIRECTIONAL ok=1
Cmd: compileSnippet
  api=4 type=0 insize=6833 outsize=5003 kw=DIRECTIONAL SHADOWS_OFF LIGHTMAP_OFF DIRLIGHTMAP_OFF DYNAMICLIGHTMAP_OFF VERTEXLIGHT_ON ok=1
Cmd: compileSnippet
  api=4 type=0 insize=6833 outsize=3671 kw=DIRECTIONAL SHADOWS_SCREEN LIGHTMAP_OFF DIRLIGHTMAP_OFF DYNAMICLIGHTMAP_OFF ok=1
Cmd: compileSnippet
  api=4 type=1 insize=6833 outsize=1786 kw=DIRECTIONAL SHADOWS_SCREEN LIGHTMAP_OFF DIRLIGHTMAP_OFF DYNAMICLIGHTMAP_OFF ok=1
Cmd: compileSnippet
  api=4 type=0 insize=6833 outsize=5393 kw=DIRECTIONAL SHADOWS_SCREEN LIGHTMAP_OFF DIRLIGHTMAP_OFF DYNAMICLIGHTMAP_OFF VERTEXLIGHT_ON ok=1
